mode: set
github.com/suquant/wgrest/internal/infrastructure/wgquick/config.go:57.56,58.26 1 1
github.com/suquant/wgrest/internal/infrastructure/wgquick/config.go:58.26,60.3 1 1
github.com/suquant/wgrest/internal/infrastructure/wgquick/config.go:61.2,61.46 1 1
github.com/suquant/wgrest/internal/infrastructure/wgquick/config.go:65.34,67.2 1 0
github.com/suquant/wgrest/internal/infrastructure/wgquick/config.go:71.54,75.35 2 1
github.com/suquant/wgrest/internal/infrastructure/wgquick/config.go:75.35,77.42 2 1
github.com/suquant/wgrest/internal/infrastructure/wgquick/config.go:77.42,79.4 1 1
github.com/suquant/wgrest/internal/infrastructure/wgquick/config.go:83.2,83.49 1 1
github.com/suquant/wgrest/internal/infrastructure/wgquick/config.go:87.52,91.35 2 1
github.com/suquant/wgrest/internal/infrastructure/wgquick/config.go:91.35,93.42 2 1
github.com/suquant/wgrest/internal/infrastructure/wgquick/config.go:93.42,95.4 1 1
github.com/suquant/wgrest/internal/infrastructure/wgquick/config.go:99.2,99.24 1 1
github.com/suquant/wgrest/internal/infrastructure/wgquick/config.go:103.41,105.2 1 1
github.com/suquant/wgrest/internal/infrastructure/wgquick/config.go:108.48,112.35 3 1
github.com/suquant/wgrest/internal/infrastructure/wgquick/config.go:112.35,114.17 2 1
github.com/suquant/wgrest/internal/infrastructure/wgquick/config.go:114.17,115.12 1 0
github.com/suquant/wgrest/internal/infrastructure/wgquick/config.go:118.3,118.33 1 1
github.com/suquant/wgrest/internal/infrastructure/wgquick/config.go:118.33,119.21 1 1
github.com/suquant/wgrest/internal/infrastructure/wgquick/config.go:119.21,120.13 1 0
github.com/suquant/wgrest/internal/infrastructure/wgquick/config.go:122.4,123.40 2 1
github.com/suquant/wgrest/internal/infrastructure/wgquick/config.go:123.40,125.26 2 1
github.com/suquant/wgrest/internal/infrastructure/wgquick/config.go:125.26,128.6 2 1
github.com/suquant/wgrest/internal/infrastructure/wgquick/config.go:133.2,133.16 1 1
github.com/suquant/wgrest/internal/infrastructure/wgquick/config.go:137.80,143.45 4 0
github.com/suquant/wgrest/internal/infrastructure/wgquick/config.go:143.45,145.3 1 0
github.com/suquant/wgrest/internal/infrastructure/wgquick/config.go:147.2,151.68 4 0
github.com/suquant/wgrest/internal/infrastructure/wgquick/config.go:151.68,153.3 1 0
github.com/suquant/wgrest/internal/infrastructure/wgquick/config.go:155.2,155.55 1 0
github.com/suquant/wgrest/internal/infrastructure/wgquick/config.go:155.55,158.3 2 0
github.com/suquant/wgrest/internal/infrastructure/wgquick/config.go:160.2,160.12 1 0
github.com/suquant/wgrest/internal/infrastructure/wgquick/config.go:164.55,173.34 7 0
github.com/suquant/wgrest/internal/infrastructure/wgquick/config.go:173.34,175.3 1 0
github.com/suquant/wgrest/internal/infrastructure/wgquick/config.go:178.2,179.45 2 0
github.com/suquant/wgrest/internal/infrastructure/wgquick/config.go:179.45,181.3 1 0
github.com/suquant/wgrest/internal/infrastructure/wgquick/config.go:183.2,186.68 3 0
github.com/suquant/wgrest/internal/infrastructure/wgquick/config.go:186.68,188.3 1 0
github.com/suquant/wgrest/internal/infrastructure/wgquick/config.go:190.2,190.55 1 0
github.com/suquant/wgrest/internal/infrastructure/wgquick/config.go:190.55,193.3 2 0
github.com/suquant/wgrest/internal/infrastructure/wgquick/config.go:195.2,195.12 1 0
github.com/suquant/wgrest/internal/infrastructure/wgquick/config.go:199.60,202.16 3 0
github.com/suquant/wgrest/internal/infrastructure/wgquick/config.go:202.16,204.3 1 0
github.com/suquant/wgrest/internal/infrastructure/wgquick/config.go:205.2,207.23 2 0
github.com/suquant/wgrest/internal/infrastructure/wgquick/config.go:212.41,223.16 8 0
github.com/suquant/wgrest/internal/infrastructure/wgquick/config.go:223.16,226.3 2 0
github.com/suquant/wgrest/internal/infrastructure/wgquick/config.go:228.2,230.34 2 0
github.com/suquant/wgrest/internal/infrastructure/wgquick/config.go:230.34,232.19 2 0
github.com/suquant/wgrest/internal/infrastructure/wgquick/config.go:232.19,234.4 1 0
github.com/suquant/wgrest/internal/infrastructure/wgquick/config.go:236.3,236.44 1 0
github.com/suquant/wgrest/internal/infrastructure/wgquick/config.go:236.44,238.4 1 0
github.com/suquant/wgrest/internal/infrastructure/wgquick/config.go:240.3,242.56 1 0
github.com/suquant/wgrest/internal/infrastructure/wgquick/config.go:242.56,244.4 1 0
github.com/suquant/wgrest/internal/infrastructure/wgquick/config.go:245.3,245.63 1 0
github.com/suquant/wgrest/internal/infrastructure/wgquick/config.go:248.2,248.12 1 0
github.com/suquant/wgrest/internal/infrastructure/wgquick/config.go:253.43,264.16 8 0
github.com/suquant/wgrest/internal/infrastructure/wgquick/config.go:264.16,267.3 2 0
github.com/suquant/wgrest/internal/infrastructure/wgquick/config.go:269.2,271.34 2 0
github.com/suquant/wgrest/internal/infrastructure/wgquick/config.go:271.34,273.19 2 0
github.com/suquant/wgrest/internal/infrastructure/wgquick/config.go:273.19,275.4 1 0
github.com/suquant/wgrest/internal/infrastructure/wgquick/config.go:277.3,277.44 1 0
github.com/suquant/wgrest/internal/infrastructure/wgquick/config.go:277.44,279.4 1 0
github.com/suquant/wgrest/internal/infrastructure/wgquick/config.go:281.3,283.56 1 0
github.com/suquant/wgrest/internal/infrastructure/wgquick/config.go:283.56,285.4 1 0
github.com/suquant/wgrest/internal/infrastructure/wgquick/config.go:286.3,286.65 1 0
github.com/suquant/wgrest/internal/infrastructure/wgquick/config.go:289.2,289.12 1 0
github.com/suquant/wgrest/internal/infrastructure/wgquick/config.go:293.27,295.2 1 1
github.com/suquant/wgrest/internal/infrastructure/wgquick/config.go:297.82,302.29 3 1
github.com/suquant/wgrest/internal/infrastructure/wgquick/config.go:302.29,304.3 1 1
github.com/suquant/wgrest/internal/infrastructure/wgquick/config.go:306.2,306.27 1 1
github.com/suquant/wgrest/internal/infrastructure/wgquick/config.go:306.27,308.3 1 1
github.com/suquant/wgrest/internal/infrastructure/wgquick/config.go:310.2,310.29 1 1
github.com/suquant/wgrest/internal/infrastructure/wgquick/config.go:310.29,312.3 1 0
github.com/suquant/wgrest/internal/infrastructure/wgquick/config.go:314.2,314.40 1 1
github.com/suquant/wgrest/internal/infrastructure/wgquick/config.go:314.40,316.3 1 1
github.com/suquant/wgrest/internal/infrastructure/wgquick/config.go:318.2,318.25 1 1
github.com/suquant/wgrest/internal/infrastructure/wgquick/config.go:318.25,320.3 1 1
github.com/suquant/wgrest/internal/infrastructure/wgquick/config.go:322.2,322.20 1 1
github.com/suquant/wgrest/internal/infrastructure/wgquick/config.go:322.20,324.3 1 1
github.com/suquant/wgrest/internal/infrastructure/wgquick/config.go:326.2,326.24 1 1
github.com/suquant/wgrest/internal/infrastructure/wgquick/config.go:326.24,328.3 1 1
github.com/suquant/wgrest/internal/infrastructure/wgquick/config.go:330.2,330.35 1 1
github.com/suquant/wgrest/internal/infrastructure/wgquick/config.go:330.35,332.3 1 1
github.com/suquant/wgrest/internal/infrastructure/wgquick/config.go:334.2,334.36 1 1
github.com/suquant/wgrest/internal/infrastructure/wgquick/config.go:334.36,336.3 1 1
github.com/suquant/wgrest/internal/infrastructure/wgquick/config.go:338.2,338.37 1 1
github.com/suquant/wgrest/internal/infrastructure/wgquick/config.go:338.37,340.3 1 1
github.com/suquant/wgrest/internal/infrastructure/wgquick/config.go:342.2,342.38 1 1
github.com/suquant/wgrest/internal/infrastructure/wgquick/config.go:342.38,344.3 1 1
github.com/suquant/wgrest/internal/infrastructure/wgquick/config.go:347.2,347.29 1 1
github.com/suquant/wgrest/internal/infrastructure/wgquick/config.go:347.29,351.30 3 1
github.com/suquant/wgrest/internal/infrastructure/wgquick/config.go:351.30,353.4 1 0
github.com/suquant/wgrest/internal/infrastructure/wgquick/config.go:355.3,355.31 1 1
github.com/suquant/wgrest/internal/infrastructure/wgquick/config.go:355.31,357.4 1 1
github.com/suquant/wgrest/internal/infrastructure/wgquick/config.go:359.3,359.26 1 1
github.com/suquant/wgrest/internal/infrastructure/wgquick/config.go:359.26,361.4 1 1
github.com/suquant/wgrest/internal/infrastructure/wgquick/config.go:363.3,363.89 1 1
github.com/suquant/wgrest/internal/infrastructure/wgquick/config.go:363.89,365.4 1 1
github.com/suquant/wgrest/internal/infrastructure/wgquick/config.go:368.2,368.19 1 1
github.com/suquant/wgrest/internal/infrastructure/wgquick/config.go:372.48,377.21 4 1
github.com/suquant/wgrest/internal/infrastructure/wgquick/config.go:377.21,381.49 2 1
github.com/suquant/wgrest/internal/infrastructure/wgquick/config.go:381.49,382.12 1 1
github.com/suquant/wgrest/internal/infrastructure/wgquick/config.go:386.3,386.28 1 1
github.com/suquant/wgrest/internal/infrastructure/wgquick/config.go:386.28,388.12 2 1
github.com/suquant/wgrest/internal/infrastructure/wgquick/config.go:390.3,390.23 1 1
github.com/suquant/wgrest/internal/infrastructure/wgquick/config.go:390.23,393.12 3 1
github.com/suquant/wgrest/internal/infrastructure/wgquick/config.go:397.3,398.22 2 1
github.com/suquant/wgrest/internal/infrastructure/wgquick/config.go:398.22,399.12 1 0
github.com/suquant/wgrest/internal/infrastructure/wgquick/config.go:402.3,405.25 3 1
github.com/suquant/wgrest/internal/infrastructure/wgquick/config.go:405.25,407.15 1 1
github.com/suquant/wgrest/internal/infrastructure/wgquick/config.go:408.21,409.50 1 1
github.com/suquant/wgrest/internal/infrastructure/wgquick/config.go:410.24,411.53 1 1
github.com/suquant/wgrest/internal/infrastructure/wgquick/config.go:412.22,414.28 2 1
github.com/suquant/wgrest/internal/infrastructure/wgquick/config.go:414.28,416.6 1 1
github.com/suquant/wgrest/internal/infrastructure/wgquick/config.go:417.20,418.49 1 1
github.com/suquant/wgrest/internal/infrastructure/wgquick/config.go:419.31,420.86 1 1
github.com/suquant/wgrest/internal/infrastructure/wgquick/config.go:422.9,424.15 1 1
github.com/suquant/wgrest/internal/infrastructure/wgquick/config.go:425.22,426.27 1 1
github.com/suquant/wgrest/internal/infrastructure/wgquick/config.go:427.22,428.45 1 1
github.com/suquant/wgrest/internal/infrastructure/wgquick/config.go:429.18,430.47 1 1
github.com/suquant/wgrest/internal/infrastructure/wgquick/config.go:431.19,433.32 2 1
github.com/suquant/wgrest/internal/infrastructure/wgquick/config.go:433.32,435.6 1 1
github.com/suquant/wgrest/internal/infrastructure/wgquick/config.go:436.15,438.31 2 1
github.com/suquant/wgrest/internal/infrastructure/wgquick/config.go:438.31,440.6 1 1
github.com/suquant/wgrest/internal/infrastructure/wgquick/config.go:441.15,442.38 1 1
github.com/suquant/wgrest/internal/infrastructure/wgquick/config.go:443.17,444.22 1 1
github.com/suquant/wgrest/internal/infrastructure/wgquick/config.go:445.17,446.41 1 1
github.com/suquant/wgrest/internal/infrastructure/wgquick/config.go:447.18,448.43 1 1
github.com/suquant/wgrest/internal/infrastructure/wgquick/config.go:449.19,450.45 1 1
github.com/suquant/wgrest/internal/infrastructure/wgquick/config.go:451.20,452.47 1 1
github.com/suquant/wgrest/internal/infrastructure/wgquick/config.go:453.22,454.54 1 1
github.com/suquant/wgrest/internal/infrastructure/wgquick/config.go:459.2,459.27 1 1
github.com/suquant/wgrest/internal/usecase/device_usecase.go:19.18,24.2 1 0
github.com/suquant/wgrest/internal/usecase/device_usecase.go:27.87,30.16 2 0
github.com/suquant/wgrest/internal/usecase/device_usecase.go:30.16,32.3 1 0
github.com/suquant/wgrest/internal/usecase/device_usecase.go:35.2,36.35 2 0
github.com/suquant/wgrest/internal/usecase/device_usecase.go:36.35,38.3 1 0
github.com/suquant/wgrest/internal/usecase/device_usecase.go:41.2,41.32 1 0
github.com/suquant/wgrest/internal/usecase/device_usecase.go:41.32,44.3 2 0
github.com/suquant/wgrest/internal/usecase/device_usecase.go:47.2,49.41 3 0
github.com/suquant/wgrest/internal/usecase/device_usecase.go:49.41,50.26 1 0
github.com/suquant/wgrest/internal/usecase/device_usecase.go:50.26,57.4 3 0
github.com/suquant/wgrest/internal/usecase/device_usecase.go:61.2,65.18 3 0
github.com/suquant/wgrest/internal/usecase/device_usecase.go:65.18,67.3 1 0
github.com/suquant/wgrest/internal/usecase/device_usecase.go:68.2,68.14 1 0
github.com/suquant/wgrest/internal/usecase/device_usecase.go:68.14,70.3 1 0
github.com/suquant/wgrest/internal/usecase/device_usecase.go:72.2,73.27 2 0
github.com/suquant/wgrest/internal/usecase/device_usecase.go:73.27,75.3 1 0
github.com/suquant/wgrest/internal/usecase/device_usecase.go:77.2,78.24 2 0
github.com/suquant/wgrest/internal/usecase/device_usecase.go:78.24,80.3 1 0
github.com/suquant/wgrest/internal/usecase/device_usecase.go:82.2,82.39 1 0
github.com/suquant/wgrest/internal/usecase/device_usecase.go:86.73,89.16 2 0
github.com/suquant/wgrest/internal/usecase/device_usecase.go:89.16,93.3 3 0
github.com/suquant/wgrest/internal/usecase/device_usecase.go:96.2,97.19 2 0
github.com/suquant/wgrest/internal/usecase/device_usecase.go:97.19,100.3 1 0
github.com/suquant/wgrest/internal/usecase/device_usecase.go:103.2,118.20 2 0
github.com/suquant/wgrest/internal/usecase/device_usecase.go:122.103,124.16 2 0
github.com/suquant/wgrest/internal/usecase/device_usecase.go:124.16,126.3 1 0
github.com/suquant/wgrest/internal/usecase/device_usecase.go:129.2,131.20 3 0
github.com/suquant/wgrest/internal/usecase/device_usecase.go:131.20,133.3 1 0
github.com/suquant/wgrest/internal/usecase/device_usecase.go:134.2,134.22 1 0
github.com/suquant/wgrest/internal/usecase/device_usecase.go:134.22,136.3 1 0
github.com/suquant/wgrest/internal/usecase/device_usecase.go:137.2,144.64 6 0
github.com/suquant/wgrest/internal/usecase/device_usecase.go:144.65,146.3 0 0
github.com/suquant/wgrest/internal/usecase/device_usecase.go:148.2,148.20 1 0
github.com/suquant/wgrest/internal/usecase/device_usecase.go:152.116,154.16 2 0
github.com/suquant/wgrest/internal/usecase/device_usecase.go:154.16,156.3 1 0
github.com/suquant/wgrest/internal/usecase/device_usecase.go:159.2,159.28 1 0
github.com/suquant/wgrest/internal/usecase/device_usecase.go:159.28,161.3 1 0
github.com/suquant/wgrest/internal/usecase/device_usecase.go:162.2,162.22 1 0
github.com/suquant/wgrest/internal/usecase/device_usecase.go:162.22,164.3 1 0
github.com/suquant/wgrest/internal/usecase/device_usecase.go:165.2,165.20 1 0
github.com/suquant/wgrest/internal/usecase/device_usecase.go:165.20,167.3 1 0
github.com/suquant/wgrest/internal/usecase/device_usecase.go:168.2,168.22 1 0
github.com/suquant/wgrest/internal/usecase/device_usecase.go:168.22,170.3 1 0
github.com/suquant/wgrest/internal/usecase/device_usecase.go:171.2,171.24 1 0
github.com/suquant/wgrest/internal/usecase/device_usecase.go:171.24,173.3 1 0
github.com/suquant/wgrest/internal/usecase/device_usecase.go:174.2,174.25 1 0
github.com/suquant/wgrest/internal/usecase/device_usecase.go:174.25,176.3 1 0
github.com/suquant/wgrest/internal/usecase/device_usecase.go:177.2,177.26 1 0
github.com/suquant/wgrest/internal/usecase/device_usecase.go:177.26,179.3 1 0
github.com/suquant/wgrest/internal/usecase/device_usecase.go:180.2,180.27 1 0
github.com/suquant/wgrest/internal/usecase/device_usecase.go:180.27,182.3 1 0
github.com/suquant/wgrest/internal/usecase/device_usecase.go:185.2,189.64 3 0
github.com/suquant/wgrest/internal/usecase/device_usecase.go:189.65,191.3 0 0
github.com/suquant/wgrest/internal/usecase/device_usecase.go:193.2,193.20 1 0
github.com/suquant/wgrest/internal/usecase/device_usecase.go:197.58,199.2 1 0
github.com/suquant/wgrest/internal/usecase/device_usecase.go:202.48,204.2 1 0
github.com/suquant/wgrest/internal/usecase/device_usecase.go:207.50,209.2 1 0
github.com/suquant/wgrest/internal/usecase/device_usecase.go:211.72,213.16 2 0
github.com/suquant/wgrest/internal/usecase/device_usecase.go:213.16,215.3 1 0
github.com/suquant/wgrest/internal/usecase/device_usecase.go:217.2,224.32 8 0
github.com/suquant/wgrest/internal/usecase/peer_usecase.go:22.16,27.2 1 0
github.com/suquant/wgrest/internal/usecase/peer_usecase.go:30.125,32.16 2 0
github.com/suquant/wgrest/internal/usecase/peer_usecase.go:32.16,34.3 1 0
github.com/suquant/wgrest/internal/usecase/peer_usecase.go:37.2,37.17 1 0
github.com/suquant/wgrest/internal/usecase/peer_usecase.go:37.17,40.27 3 0
github.com/suquant/wgrest/internal/usecase/peer_usecase.go:40.27,43.42 1 0
github.com/suquant/wgrest/internal/usecase/peer_usecase.go:43.42,45.5 1 0
github.com/suquant/wgrest/internal/usecase/peer_usecase.go:47.3,47.19 1 0
github.com/suquant/wgrest/internal/usecase/peer_usecase.go:51.2,56.18 3 0
github.com/suquant/wgrest/internal/usecase/peer_usecase.go:56.18,58.3 1 0
github.com/suquant/wgrest/internal/usecase/peer_usecase.go:59.2,59.14 1 0
github.com/suquant/wgrest/internal/usecase/peer_usecase.go:59.14,61.3 1 0
github.com/suquant/wgrest/internal/usecase/peer_usecase.go:63.2,64.25 2 0
github.com/suquant/wgrest/internal/usecase/peer_usecase.go:64.25,66.3 1 0
github.com/suquant/wgrest/internal/usecase/peer_usecase.go:68.2,69.22 2 0
github.com/suquant/wgrest/internal/usecase/peer_usecase.go:69.22,71.3 1 0
github.com/suquant/wgrest/internal/usecase/peer_usecase.go:73.2,73.37 1 0
github.com/suquant/wgrest/internal/usecase/peer_usecase.go:77.95,79.2 1 0
github.com/suquant/wgrest/internal/usecase/peer_usecase.go:82.114,84.16 2 0
github.com/suquant/wgrest/internal/usecase/peer_usecase.go:84.16,86.3 1 0
github.com/suquant/wgrest/internal/usecase/peer_usecase.go:89.2,91.18 2 0
github.com/suquant/wgrest/internal/usecase/peer_usecase.go:95.136,97.16 2 0
github.com/suquant/wgrest/internal/usecase/peer_usecase.go:97.16,99.3 1 0
github.com/suquant/wgrest/internal/usecase/peer_usecase.go:102.2,104.18 2 0
github.com/suquant/wgrest/internal/usecase/peer_usecase.go:108.98,110.16 2 0
github.com/suquant/wgrest/internal/usecase/peer_usecase.go:110.16,112.3 1 0
github.com/suquant/wgrest/internal/usecase/peer_usecase.go:115.2,117.18 2 0
github.com/suquant/wgrest/internal/usecase/peer_usecase.go:120.60,122.67 1 0
github.com/suquant/wgrest/internal/usecase/peer_usecase.go:122.68,124.3 0 0
github.com/suquant/wgrest/internal/usecase/peer_usecase.go:128.50,129.25 1 1
github.com/suquant/wgrest/internal/usecase/peer_usecase.go:129.25,130.51 1 1
github.com/suquant/wgrest/internal/usecase/peer_usecase.go:130.51,132.4 1 1
github.com/suquant/wgrest/internal/usecase/peer_usecase.go:134.2,134.14 1 1
github.com/suquant/wgrest/internal/usecase/peer_usecase.go:137.55,138.21 1 1
github.com/suquant/wgrest/internal/usecase/peer_usecase.go:138.21,140.3 1 1
github.com/suquant/wgrest/internal/usecase/peer_usecase.go:142.2,143.10 2 1
github.com/suquant/wgrest/internal/usecase/peer_usecase.go:143.10,145.3 1 1
github.com/suquant/wgrest/internal/usecase/peer_usecase.go:147.2,147.40 1 1
github.com/suquant/wgrest/internal/usecase/peer_usecase.go:147.40,149.20 2 1
github.com/suquant/wgrest/internal/usecase/peer_usecase.go:150.18,151.50 1 1
github.com/suquant/wgrest/internal/usecase/peer_usecase.go:152.24,153.56 1 1
github.com/suquant/wgrest/internal/usecase/peer_usecase.go:154.25,155.58 1 0
github.com/suquant/wgrest/internal/usecase/peer_usecase.go:156.22,159.26 3 1
github.com/suquant/wgrest/internal/usecase/peer_usecase.go:160.30,161.72 1 1
github.com/suquant/wgrest/internal/usecase/peer_usecase.go:162.11,163.16 1 1
github.com/suquant/wgrest/internal/usecase/peer_usecase.go:166.3,166.11 1 1
github.com/suquant/wgrest/internal/usecase/peer_usecase.go:166.11,168.4 1 1
github.com/suquant/wgrest/internal/usecase/peer_usecase.go:169.3,169.14 1 1
github.com/suquant/wgrest/internal/interface/http/handler/device_handler.go:16.65,18.2 1 0
github.com/suquant/wgrest/internal/interface/http/handler/device_handler.go:31.57,36.16 4 0
github.com/suquant/wgrest/internal/interface/http/handler/device_handler.go:36.16,41.3 1 0
github.com/suquant/wgrest/internal/interface/http/handler/device_handler.go:44.2,46.24 2 0
github.com/suquant/wgrest/internal/interface/http/handler/device_handler.go:59.55,63.16 3 0
github.com/suquant/wgrest/internal/interface/http/handler/device_handler.go:63.16,68.3 1 0
github.com/suquant/wgrest/internal/interface/http/handler/device_handler.go:70.2,70.23 1 0
github.com/suquant/wgrest/internal/interface/http/handler/device_handler.go:85.58,87.43 2 1
github.com/suquant/wgrest/internal/interface/http/handler/device_handler.go:87.43,92.3 1 1
github.com/suquant/wgrest/internal/interface/http/handler/device_handler.go:94.2,95.16 2 0
github.com/suquant/wgrest/internal/interface/http/handler/device_handler.go:95.16,97.31 1 0
github.com/suquant/wgrest/internal/interface/http/handler/device_handler.go:97.31,102.4 1 0
github.com/suquant/wgrest/internal/interface/http/handler/device_handler.go:103.3,106.5 1 0
github.com/suquant/wgrest/internal/interface/http/handler/device_handler.go:109.2,109.51 1 0
github.com/suquant/wgrest/internal/interface/http/handler/device_handler.go:124.58,128.43 3 1
github.com/suquant/wgrest/internal/interface/http/handler/device_handler.go:128.43,133.3 1 1
github.com/suquant/wgrest/internal/interface/http/handler/device_handler.go:135.2,136.16 2 0
github.com/suquant/wgrest/internal/interface/http/handler/device_handler.go:136.16,141.3 1 0
github.com/suquant/wgrest/internal/interface/http/handler/device_handler.go:143.2,143.23 1 0
github.com/suquant/wgrest/internal/interface/http/handler/device_handler.go:154.58,157.53 2 0
github.com/suquant/wgrest/internal/interface/http/handler/device_handler.go:157.53,162.3 1 0
github.com/suquant/wgrest/internal/interface/http/handler/device_handler.go:164.2,164.44 1 0
github.com/suquant/wgrest/internal/interface/http/handler/device_handler.go:176.48,179.43 2 0
github.com/suquant/wgrest/internal/interface/http/handler/device_handler.go:179.43,184.3 1 0
github.com/suquant/wgrest/internal/interface/http/handler/device_handler.go:186.2,186.61 1 0
github.com/suquant/wgrest/internal/interface/http/handler/device_handler.go:198.50,201.45 2 0
github.com/suquant/wgrest/internal/interface/http/handler/device_handler.go:201.45,206.3 1 0
github.com/suquant/wgrest/internal/interface/http/handler/device_handler.go:208.2,208.63 1 0
github.com/suquant/wgrest/internal/interface/http/handler/device_handler.go:211.42,214.2 1 1
github.com/suquant/wgrest/internal/interface/http/handler/device_handler.go:216.38,218.2 1 1
github.com/suquant/wgrest/internal/interface/http/handler/device_handler.go:220.45,221.43 1 1
github.com/suquant/wgrest/internal/interface/http/handler/device_handler.go:221.43,222.35 1 1
github.com/suquant/wgrest/internal/interface/http/handler/device_handler.go:222.35,224.4 1 1
github.com/suquant/wgrest/internal/interface/http/handler/device_handler.go:226.2,226.14 1 1
github.com/suquant/wgrest/internal/interface/http/handler/pagination.go:12.60,13.16 1 1
github.com/suquant/wgrest/internal/interface/http/handler/pagination.go:13.16,15.3 1 1
github.com/suquant/wgrest/internal/interface/http/handler/pagination.go:17.2,22.16 4 1
github.com/suquant/wgrest/internal/interface/http/handler/pagination.go:22.16,24.3 1 0
github.com/suquant/wgrest/internal/interface/http/handler/pagination.go:26.2,47.14 15 1
github.com/suquant/wgrest/internal/interface/http/handler/pagination.go:47.14,53.3 5 1
github.com/suquant/wgrest/internal/interface/http/handler/pagination.go:56.2,56.25 1 1
github.com/suquant/wgrest/internal/interface/http/handler/pagination.go:56.25,62.3 5 1
github.com/suquant/wgrest/internal/interface/http/handler/pagination.go:65.2,66.29 2 1
github.com/suquant/wgrest/internal/interface/http/handler/pagination.go:66.29,67.12 1 1
github.com/suquant/wgrest/internal/interface/http/handler/pagination.go:67.12,69.4 1 1
github.com/suquant/wgrest/internal/interface/http/handler/pagination.go:70.3,70.21 1 1
github.com/suquant/wgrest/internal/interface/http/handler/pagination.go:73.2,73.22 1 1
github.com/suquant/wgrest/internal/interface/http/handler/pagination.go:73.22,75.3 1 1
github.com/suquant/wgrest/internal/interface/http/handler/peer_handler.go:16.59,18.2 1 0
github.com/suquant/wgrest/internal/interface/http/handler/peer_handler.go:35.53,43.16 7 0
github.com/suquant/wgrest/internal/interface/http/handler/peer_handler.go:43.16,44.33 1 0
github.com/suquant/wgrest/internal/interface/http/handler/peer_handler.go:44.33,49.4 1 0
github.com/suquant/wgrest/internal/interface/http/handler/peer_handler.go:50.3,53.5 1 0
github.com/suquant/wgrest/internal/interface/http/handler/peer_handler.go:57.2,59.22 2 0
github.com/suquant/wgrest/internal/interface/http/handler/peer_handler.go:73.51,78.16 4 0
github.com/suquant/wgrest/internal/interface/http/handler/peer_handler.go:78.16,83.3 1 0
github.com/suquant/wgrest/internal/interface/http/handler/peer_handler.go:85.2,85.21 1 0
github.com/suquant/wgrest/internal/interface/http/handler/peer_handler.go:101.54,105.43 3 1
github.com/suquant/wgrest/internal/interface/http/handler/peer_handler.go:105.43,110.3 1 1
github.com/suquant/wgrest/internal/interface/http/handler/peer_handler.go:112.2,113.16 2 0
github.com/suquant/wgrest/internal/interface/http/handler/peer_handler.go:113.16,114.33 1 0
github.com/suquant/wgrest/internal/interface/http/handler/peer_handler.go:114.33,119.4 1 0
github.com/suquant/wgrest/internal/interface/http/handler/peer_handler.go:120.3,123.5 1 0
github.com/suquant/wgrest/internal/interface/http/handler/peer_handler.go:126.2,126.49 1 0
github.com/suquant/wgrest/internal/interface/http/handler/peer_handler.go:142.54,147.43 4 1
github.com/suquant/wgrest/internal/interface/http/handler/peer_handler.go:147.43,152.3 1 1
github.com/suquant/wgrest/internal/interface/http/handler/peer_handler.go:154.2,155.16 2 0
github.com/suquant/wgrest/internal/interface/http/handler/peer_handler.go:155.16,160.3 1 0
github.com/suquant/wgrest/internal/interface/http/handler/peer_handler.go:162.2,162.21 1 0
github.com/suquant/wgrest/internal/interface/http/handler/peer_handler.go:174.54,179.16 4 0
github.com/suquant/wgrest/internal/interface/http/handler/peer_handler.go:179.16,184.3 1 0
github.com/suquant/wgrest/internal/interface/http/handler/peer_handler.go:186.2,186.21 1 0
github.com/suquant/wgrest/internal/interface/http/handler/peer_handler.go:189.44,191.2 1 0
github.com/suquant/wgrest/internal/interface/http/middleware/auth.go:12.45,13.34 1 1
github.com/suquant/wgrest/internal/interface/http/middleware/auth.go:13.34,16.17 2 1
github.com/suquant/wgrest/internal/interface/http/middleware/auth.go:16.17,21.4 1 1
github.com/suquant/wgrest/internal/interface/http/middleware/auth.go:24.3,25.39 2 1
github.com/suquant/wgrest/internal/interface/http/middleware/auth.go:25.39,30.4 1 1
github.com/suquant/wgrest/internal/interface/http/middleware/auth.go:33.3,34.29 2 1
github.com/suquant/wgrest/internal/interface/http/middleware/auth.go:34.29,39.4 1 1
github.com/suquant/wgrest/internal/interface/http/middleware/auth.go:41.3,41.18 1 1
